2026-04-24T13:37:33Z posted via=event.broadcast topic=channel:learnings msg_type=learning-P-001 id=PL-056 origin=termlink
2026-04-24T13:47:32Z posted via=event.broadcast topic=channel:learnings msg_type=learning-P-001 id=PL-057 origin=termlink
2026-04-24T13:48:33Z posted via=event.broadcast topic=channel:learnings msg_type=learning-P-001 id=PL-058 origin=termlink
2026-04-24T15:30:30Z posted via=event.broadcast topic=channel:learnings msg_type=learning-P-001 id=PL-059 origin=termlink
2026-04-24T15:49:26Z posted via=event.broadcast topic=channel:learnings msg_type=learning-G-016 id=PL-060 origin=termlink
2026-04-24T16:06:33Z posted via=event.broadcast topic=channel:learnings msg_type=learning-P-011 id=PL-061 origin=termlink
2026-04-25T05:34:30Z posted via=event.broadcast topic=channel:learnings msg_type=learning-G-016 id=PL-062 origin=termlink
2026-04-25T05:34:37Z posted via=event.broadcast topic=channel:learnings msg_type=learning-G-029 id=PL-063 origin=termlink
2026-04-25T09:13:28Z posted via=event.broadcast topic=channel:learnings msg_type=learning-P-001 id=PL-064 origin=termlink
2026-04-25T09:13:41Z posted via=event.broadcast topic=channel:learnings msg_type=learning-P-001 id=PL-065 origin=termlink
2026-04-25T09:33:38Z posted via=event.broadcast topic=channel:learnings msg_type=learning-P-002 id=PL-067 origin=termlink
2026-04-25T10:04:33Z posted via=event.broadcast topic=channel:learnings msg_type=learning-P-001 id=PL-068 origin=termlink
2026-04-25T10:46:42Z posted via=event.broadcast topic=channel:learnings msg_type=learning-P-001 id=PL-069 origin=termlink
2026-04-25T15:45:02Z channel.post-failed id=PL-070 — falling back to event.broadcast
2026-04-25T15:45:02Z posted via=event.broadcast topic=channel:learnings msg_type=learning-P-001 id=PL-070 origin=termlink
2026-04-25T16:27:18Z channel.post-failed id=PL-071 — falling back to event.broadcast
2026-04-25T16:27:18Z posted via=event.broadcast topic=channel:learnings msg_type=learning-P-001 id=PL-071 origin=termlink
2026-04-25T19:39:05Z channel.post-failed id=PL-072 — falling back to event.broadcast
2026-04-25T19:39:05Z posted via=event.broadcast topic=channel:learnings msg_type=learning-D4 id=PL-072 origin=termlink
2026-04-25T19:39:05Z channel.post-failed id=PL-073 — falling back to event.broadcast
2026-04-25T19:39:05Z posted via=event.broadcast topic=channel:learnings msg_type=learning-D4 id=PL-073 origin=termlink
2026-04-25T19:39:05Z channel.post-failed id=PL-074 — falling back to event.broadcast
2026-04-25T19:39:05Z posted via=event.broadcast topic=channel:learnings msg_type=learning-D4 id=PL-074 origin=termlink
2026-04-25T19:39:05Z channel.post-failed id=PL-075 — falling back to event.broadcast
2026-04-25T19:39:05Z posted via=event.broadcast topic=channel:learnings msg_type=learning-G-006 id=PL-075 origin=termlink
2026-04-25T19:39:05Z channel.post-failed id=PL-076 — falling back to event.broadcast
2026-04-25T19:39:05Z posted via=event.broadcast topic=channel:learnings msg_type=learning-G-012 id=PL-076 origin=termlink
2026-04-25T19:39:05Z channel.post-failed id=PL-077 — falling back to event.broadcast
2026-04-25T19:39:05Z posted via=event.broadcast topic=channel:learnings msg_type=learning-D2 id=PL-077 origin=termlink
2026-04-25T20:24:11Z channel.post-failed id=PL-078 — falling back to event.broadcast
2026-04-25T20:24:11Z posted via=event.broadcast topic=channel:learnings msg_type=learning-D2 id=PL-078 origin=termlink
2026-04-25T20:32:37Z channel.post-failed id=PL-079 — falling back to event.broadcast
2026-04-25T20:32:37Z posted via=event.broadcast topic=channel:learnings msg_type=learning-D2 id=PL-079 origin=termlink
2026-04-25T20:41:00Z channel.post-failed id=PL-080 — falling back to event.broadcast
2026-04-25T20:41:00Z posted via=event.broadcast topic=channel:learnings msg_type=learning-D2 id=PL-080 origin=termlink
2026-04-25T20:43:46Z channel.post-failed id=PL-081 — falling back to event.broadcast
2026-04-25T20:43:46Z posted via=event.broadcast topic=channel:learnings msg_type=learning-D2 id=PL-081 origin=termlink
2026-04-25T20:45:53Z channel.post-failed id=PL-082 — falling back to event.broadcast
2026-04-25T20:45:53Z posted via=event.broadcast topic=channel:learnings msg_type=learning-D2 id=PL-082 origin=termlink
2026-04-25T21:16:32Z channel.post-failed id=PL-083 — falling back to event.broadcast
2026-04-25T21:16:32Z posted via=event.broadcast topic=channel:learnings msg_type=learning-P-001 id=PL-083 origin=termlink
2026-04-26T12:01:34Z channel.post-failed id=PL-084 — falling back to event.broadcast
2026-04-26T12:01:37Z posted via=event.broadcast topic=channel:learnings msg_type=learning-P-011 id=PL-084 origin=termlink
2026-04-26T14:41:59Z channel.post-failed id=PL-085 — falling back to event.broadcast
2026-04-26T14:41:59Z posted via=event.broadcast topic=channel:learnings msg_type=learning-PL-021 id=PL-085 origin=termlink
2026-04-26T14:49:51Z channel.post-failed id=PL-086 — falling back to event.broadcast
2026-04-26T14:49:51Z posted via=event.broadcast topic=channel:learnings msg_type=learning-audit-trend id=PL-086 origin=termlink
2026-04-26T14:56:49Z channel.post-failed id=PL-087 — falling back to event.broadcast
2026-04-26T14:56:49Z posted via=event.broadcast topic=channel:learnings msg_type=learning-workflow id=PL-087 origin=termlink
2026-04-26T22:18:37Z channel.post-failed id=PL-088 — falling back to event.broadcast
2026-04-26T22:18:37Z posted via=event.broadcast topic=channel:learnings msg_type=learning-P-001 id=PL-088 origin=termlink
2026-04-27T11:41:48Z channel.post-failed id=PL-089 — falling back to event.broadcast
2026-04-27T11:41:48Z posted via=event.broadcast topic=channel:learnings msg_type=learning-P-001 id=PL-089 origin=termlink
